app/build/intermediates/manifest_merge_blame_file/debug/processDebugMainManifest/manifest-merger-blame-debug-report.txt
1<?xml version="1.0" encoding="utf-8"?>
2<manifest xmlns:android="http://schemas.android.com/apk/res/android"
3    package="com.droidraksha.mobile"
4    android:versionCode="1"
5    android:versionName="1.0.0" >
6
7    <uses-sdk
8        android:minSdkVersion="26"
9        android:targetSdkVersion="35" />
10
11    <!--
12    ══════════════════════════════════════════════════════════════════
13         REQUIRED PERMISSIONS — DroidRaksha Mobile
14         All permissions are explained to the user on the Onboarding Screen.
15         No personal data (photos, messages) is accessed.
16    ══════════════════════════════════════════════════════════════════
17    -->
18
19
20    <!-- Core: enumerate all installed packages (requires user acknowledgment) -->
21    <uses-permission android:name="android.permission.QUERY_ALL_PACKAGES" />
21-->src\main\AndroidManifest.xml:12:5-13:53
21-->src\main\AndroidManifest.xml:12:22-74
22
23    <!-- Network state: needed for NetworkStatsManager per-app traffic query -->
24    <uses-permission android:name="android.permission.ACCESS_NETWORK_STATE" />
24-->src\main\AndroidManifest.xml:16:5-79
24-->src\main\AndroidManifest.xml:16:22-76
25    <uses-permission android:name="android.permission.ACCESS_WIFI_STATE" />
25-->src\main\AndroidManifest.xml:17:5-76
25-->src\main\AndroidManifest.xml:17:22-73
26
27    <!-- Usage Stats: to correlate app usage with network behavior (runtime prompt) -->
28    <uses-permission android:name="android.permission.PACKAGE_USAGE_STATS" />
28-->src\main\AndroidManifest.xml:20:5-21:47
28-->src\main\AndroidManifest.xml:20:22-75
29
30    <!-- Internet: for optional backend deep-scan calls -->
31    <uses-permission android:name="android.permission.INTERNET" />
31-->src\main\AndroidManifest.xml:24:5-67
31-->src\main\AndroidManifest.xml:24:22-64
32
33    <!-- WorkManager foreground service for background scans -->
34    <uses-permission android:name="android.permission.FOREGROUND_SERVICE" />
34-->src\main\AndroidManifest.xml:27:5-77
34-->src\main\AndroidManifest.xml:27:22-74
35    <uses-permission android:name="android.permission.FOREGROUND_SERVICE_DATA_SYNC" />
35-->src\main\AndroidManifest.xml:28:5-87
35-->src\main\AndroidManifest.xml:28:22-84
36
37    <!-- Notifications: alert user when HIGH/CRITICAL app is found -->
38    <uses-permission android:name="android.permission.POST_NOTIFICATIONS" />
38-->src\main\AndroidManifest.xml:31:5-77
38-->src\main\AndroidManifest.xml:31:22-74
39
40    <!-- Wake lock during scan to prevent CPU sleep mid-analysis -->
41    <uses-permission android:name="android.permission.WAKE_LOCK" />
41-->src\main\AndroidManifest.xml:34:5-68
41-->src\main\AndroidManifest.xml:34:22-65
42
43    <!-- Receive broadcast when new apps are installed -->
44    <uses-permission android:name="android.permission.RECEIVE_BOOT_COMPLETED" />
44-->src\main\AndroidManifest.xml:37:5-81
44-->src\main\AndroidManifest.xml:37:22-78
45
46    <permission
46-->[androidx.core:core:1.13.1] AndroidManifest.xml:22:5-24:47
47        android:name="com.droidraksha.mobile.DYNAMIC_RECEIVER_NOT_EXPORTED_PERMISSION"
47-->[androidx.core:core:1.13.1] AndroidManifest.xml:23:9-81
48        android:protectionLevel="signature" />
48-->[androidx.core:core:1.13.1] AndroidManifest.xml:24:9-44
49
50    <uses-permission android:name="com.droidraksha.mobile.DYNAMIC_RECEIVER_NOT_EXPORTED_PERMISSION" />
50-->[androidx.core:core:1.13.1] AndroidManifest.xml:26:5-97
50-->[androidx.core:core:1.13.1] AndroidManifest.xml:26:22-94
51
52    <application
52-->src\main\AndroidManifest.xml:39:5-90:19
53        android:name="com.droidraksha.mobile.DroidRakshaApp"
53-->src\main\AndroidManifest.xml:40:9-39
54        android:allowBackup="false"
54-->src\main\AndroidManifest.xml:41:9-36
55        android:appComponentFactory="androidx.core.app.CoreComponentFactory"
55-->[androidx.core:core:1.13.1] AndroidManifest.xml:28:18-86
56        android:dataExtractionRules="@xml/data_extraction_rules"
56-->src\main\AndroidManifest.xml:42:9-65
57        android:debuggable="true"
58        android:extractNativeLibs="false"
59        android:fullBackupContent="@xml/backup_rules"
59-->src\main\AndroidManifest.xml:43:9-54
60        android:icon="@mipmap/ic_launcher"
60-->src\main\AndroidManifest.xml:44:9-43
61        android:label="@string/app_name"
61-->src\main\AndroidManifest.xml:45:9-41
62        android:roundIcon="@mipmap/ic_launcher_round"
62-->src\main\AndroidManifest.xml:46:9-54
63        android:supportsRtl="true"
63-->src\main\AndroidManifest.xml:47:9-35
64        android:testOnly="true"
65        android:theme="@style/Theme.DroidRaksha" >
65-->src\main\AndroidManifest.xml:48:9-49
66        <activity
66-->src\main\AndroidManifest.xml:51:9-59:20
67            android:name="com.droidraksha.mobile.ui.MainActivity"
67-->src\main\AndroidManifest.xml:52:13-44
68            android:exported="true"
68-->src\main\AndroidManifest.xml:53:13-36
69            android:theme="@style/Theme.DroidRaksha" >
69-->src\main\AndroidManifest.xml:54:13-53
70            <intent-filter>
70-->src\main\AndroidManifest.xml:55:13-58:29
71                <action android:name="android.intent.action.MAIN" />
71-->src\main\AndroidManifest.xml:56:17-69
71-->src\main\AndroidManifest.xml:56:25-66
72
73                <category android:name="android.intent.category.LAUNCHER" />
73-->src\main\AndroidManifest.xml:57:17-77
73-->src\main\AndroidManifest.xml:57:27-74
74            </intent-filter>
75        </activity>
76
77        <!-- WorkManager background scan worker -->
78        <service
78-->src\main\AndroidManifest.xml:62:9-65:34
79            android:name="androidx.work.impl.foreground.SystemForegroundService"
79-->src\main\AndroidManifest.xml:63:13-81
80            android:directBootAware="false"
80-->[androidx.work:work-runtime:2.9.1] AndroidManifest.xml:55:13-44
81            android:enabled="@bool/enable_system_foreground_service_default"
81-->[androidx.work:work-runtime:2.9.1] AndroidManifest.xml:56:13-77
82            android:exported="false"
82-->[androidx.work:work-runtime:2.9.1] AndroidManifest.xml:57:13-37
83            android:foregroundServiceType="dataSync" />
83-->src\main\AndroidManifest.xml:64:13-53
84
85        <!-- Broadcast receiver: trigger incremental scan when new app is installed -->
86        <receiver
86-->src\main\AndroidManifest.xml:68:9-76:20
87            android:name="com.droidraksha.mobile.worker.PackageInstallReceiver"
87-->src\main\AndroidManifest.xml:69:13-58
88            android:exported="true" >
88-->src\main\AndroidManifest.xml:70:13-36
89            <intent-filter>
89-->src\main\AndroidManifest.xml:71:13-75:29
90                <action android:name="android.intent.action.PACKAGE_ADDED" />
90-->src\main\AndroidManifest.xml:72:17-78
90-->src\main\AndroidManifest.xml:72:25-75
91                <action android:name="android.intent.action.PACKAGE_REPLACED" />
91-->src\main\AndroidManifest.xml:73:17-81
91-->src\main\AndroidManifest.xml:73:25-78
92
93                <data android:scheme="package" />
93-->src\main\AndroidManifest.xml:74:17-50
93-->src\main\AndroidManifest.xml:74:23-47
94            </intent-filter>
95        </receiver>
96
97        <!-- WorkManager Hilt initializer — disables default initializer -->
98        <provider
99            android:name="androidx.startup.InitializationProvider"
99-->src\main\AndroidManifest.xml:80:13-67
100            android:authorities="com.droidraksha.mobile.androidx-startup"
100-->src\main\AndroidManifest.xml:81:13-68
101            android:exported="false" >
101-->src\main\AndroidManifest.xml:82:13-37
102            <meta-data
102-->[androidx.emoji2:emoji2:1.3.0] AndroidManifest.xml:29:13-31:52
103                android:name="androidx.emoji2.text.EmojiCompatInitializer"
103-->[androidx.emoji2:emoji2:1.3.0] AndroidManifest.xml:30:17-75
104                android:value="androidx.startup" />
104-->[androidx.emoji2:emoji2:1.3.0] AndroidManifest.xml:31:17-49
105            <meta-data
105-->[androidx.lifecycle:lifecycle-process:2.8.4] AndroidManifest.xml:29:13-31:52
106                android:name="androidx.lifecycle.ProcessLifecycleInitializer"
106-->[androidx.lifecycle:lifecycle-process:2.8.4] AndroidManifest.xml:30:17-78
107                android:value="androidx.startup" />
107-->[androidx.lifecycle:lifecycle-process:2.8.4] AndroidManifest.xml:31:17-49
108            <meta-data
108-->[androidx.profileinstaller:profileinstaller:1.3.1] AndroidManifest.xml:29:13-31:52
109                android:name="androidx.profileinstaller.ProfileInstallerInitializer"
109-->[androidx.profileinstaller:profileinstaller:1.3.1] AndroidManifest.xml:30:17-85
110                android:value="androidx.startup" />
110-->[androidx.profileinstaller:profileinstaller:1.3.1] AndroidManifest.xml:31:17-49
111        </provider>
112
113        <service
113-->[androidx.work:work-runtime:2.9.1] AndroidManifest.xml:39:9-45:35
114            android:name="androidx.work.impl.background.systemalarm.SystemAlarmService"
114-->[androidx.work:work-runtime:2.9.1] AndroidManifest.xml:40:13-88
115            android:directBootAware="false"
115-->[androidx.work:work-runtime:2.9.1] AndroidManifest.xml:41:13-44
116            android:enabled="@bool/enable_system_alarm_service_default"
116-->[androidx.work:work-runtime:2.9.1] AndroidManifest.xml:42:13-72
117            android:exported="false" />
117-->[androidx.work:work-runtime:2.9.1] AndroidManifest.xml:43:13-37
118        <service
118-->[androidx.work:work-runtime:2.9.1] AndroidManifest.xml:46:9-52:35
119            android:name="androidx.work.impl.background.systemjob.SystemJobService"
119-->[androidx.work:work-runtime:2.9.1] AndroidManifest.xml:47:13-84
120            android:directBootAware="false"
120-->[androidx.work:work-runtime:2.9.1] AndroidManifest.xml:48:13-44
121            android:enabled="@bool/enable_system_job_service_default"
121-->[androidx.work:work-runtime:2.9.1] AndroidManifest.xml:49:13-70
122            android:exported="true"
122-->[androidx.work:work-runtime:2.9.1] AndroidManifest.xml:50:13-36
123            android:permission="android.permission.BIND_JOB_SERVICE" />
123-->[androidx.work:work-runtime:2.9.1] AndroidManifest.xml:51:13-69
124
125        <receiver
125-->[androidx.work:work-runtime:2.9.1] AndroidManifest.xml:61:9-66:35
126            android:name="androidx.work.impl.utils.ForceStopRunnable$BroadcastReceiver"
126-->[androidx.work:work-runtime:2.9.1] AndroidManifest.xml:62:13-88
127            android:directBootAware="false"
127-->[androidx.work:work-runtime:2.9.1] AndroidManifest.xml:63:13-44
128            android:enabled="true"
128-->[androidx.work:work-runtime:2.9.1] AndroidManifest.xml:64:13-35
129            android:exported="false" />
129-->[androidx.work:work-runtime:2.9.1] AndroidManifest.xml:65:13-37
130        <receiver
130-->[androidx.work:work-runtime:2.9.1] AndroidManifest.xml:67:9-77:20
131            android:name="androidx.work.impl.background.systemalarm.ConstraintProxy$BatteryChargingProxy"
131-->[androidx.work:work-runtime:2.9.1] AndroidManifest.xml:68:13-106
132            android:directBootAware="false"
132-->[androidx.work:work-runtime:2.9.1] AndroidManifest.xml:69:13-44
133            android:enabled="false"
133-->[androidx.work:work-runtime:2.9.1] AndroidManifest.xml:70:13-36
134            android:exported="false" >
134-->[androidx.work:work-runtime:2.9.1] AndroidManifest.xml:71:13-37
135            <intent-filter>
135-->[androidx.work:work-runtime:2.9.1] AndroidManifest.xml:73:13-76:29
136                <action android:name="android.intent.action.ACTION_POWER_CONNECTED" />
136-->[androidx.work:work-runtime:2.9.1] AndroidManifest.xml:74:17-87
136-->[androidx.work:work-runtime:2.9.1] AndroidManifest.xml:74:25-84
137                <action android:name="android.intent.action.ACTION_POWER_DISCONNECTED" />
137-->[androidx.work:work-runtime:2.9.1] AndroidManifest.xml:75:17-90
137-->[androidx.work:work-runtime:2.9.1] AndroidManifest.xml:75:25-87
138            </intent-filter>
139        </receiver>
140        <receiver
140-->[androidx.work:work-runtime:2.9.1] AndroidManifest.xml:78:9-88:20
141            android:name="androidx.work.impl.background.systemalarm.ConstraintProxy$BatteryNotLowProxy"
141-->[androidx.work:work-runtime:2.9.1] AndroidManifest.xml:79:13-104
142            android:directBootAware="false"
142-->[androidx.work:work-runtime:2.9.1] AndroidManifest.xml:80:13-44
143            android:enabled="false"
143-->[androidx.work:work-runtime:2.9.1] AndroidManifest.xml:81:13-36
144            android:exported="false" >
144-->[androidx.work:work-runtime:2.9.1] AndroidManifest.xml:82:13-37
145            <intent-filter>
145-->[androidx.work:work-runtime:2.9.1] AndroidManifest.xml:84:13-87:29
146                <action android:name="android.intent.action.BATTERY_OKAY" />
146-->[androidx.work:work-runtime:2.9.1] AndroidManifest.xml:85:17-77
146-->[androidx.work:work-runtime:2.9.1] AndroidManifest.xml:85:25-74
147                <action android:name="android.intent.action.BATTERY_LOW" />
147-->[androidx.work:work-runtime:2.9.1] AndroidManifest.xml:86:17-76
147-->[androidx.work:work-runtime:2.9.1] AndroidManifest.xml:86:25-73
148            </intent-filter>
149        </receiver>
150        <receiver
150-->[androidx.work:work-runtime:2.9.1] AndroidManifest.xml:89:9-99:20
151            android:name="androidx.work.impl.background.systemalarm.ConstraintProxy$StorageNotLowProxy"
151-->[androidx.work:work-runtime:2.9.1] AndroidManifest.xml:90:13-104
152            android:directBootAware="false"
152-->[androidx.work:work-runtime:2.9.1] AndroidManifest.xml:91:13-44
153            android:enabled="false"
153-->[androidx.work:work-runtime:2.9.1] AndroidManifest.xml:92:13-36
154            android:exported="false" >
154-->[androidx.work:work-runtime:2.9.1] AndroidManifest.xml:93:13-37
155            <intent-filter>
155-->[androidx.work:work-runtime:2.9.1] AndroidManifest.xml:95:13-98:29
156                <action android:name="android.intent.action.DEVICE_STORAGE_LOW" />
156-->[androidx.work:work-runtime:2.9.1] AndroidManifest.xml:96:17-83
156-->[androidx.work:work-runtime:2.9.1] AndroidManifest.xml:96:25-80
157                <action android:name="android.intent.action.DEVICE_STORAGE_OK" />
157-->[androidx.work:work-runtime:2.9.1] AndroidManifest.xml:97:17-82
157-->[androidx.work:work-runtime:2.9.1] AndroidManifest.xml:97:25-79
158            </intent-filter>
159        </receiver>
160        <receiver
160-->[androidx.work:work-runtime:2.9.1] AndroidManifest.xml:100:9-109:20
161            android:name="androidx.work.impl.background.systemalarm.ConstraintProxy$NetworkStateProxy"
161-->[androidx.work:work-runtime:2.9.1] AndroidManifest.xml:101:13-103
162            android:directBootAware="false"
162-->[androidx.work:work-runtime:2.9.1] AndroidManifest.xml:102:13-44
163            android:enabled="false"
163-->[androidx.work:work-runtime:2.9.1] AndroidManifest.xml:103:13-36
164            android:exported="false" >
164-->[androidx.work:work-runtime:2.9.1] AndroidManifest.xml:104:13-37
165            <intent-filter>
165-->[androidx.work:work-runtime:2.9.1] AndroidManifest.xml:106:13-108:29
166                <action android:name="android.net.conn.CONNECTIVITY_CHANGE" />
166-->[androidx.work:work-runtime:2.9.1] AndroidManifest.xml:107:17-79
166-->[androidx.work:work-runtime:2.9.1] AndroidManifest.xml:107:25-76
167            </intent-filter>
168        </receiver>
169        <receiver
169-->[androidx.work:work-runtime:2.9.1] AndroidManifest.xml:110:9-121:20
170            android:name="androidx.work.impl.background.systemalarm.RescheduleReceiver"
170-->[androidx.work:work-runtime:2.9.1] AndroidManifest.xml:111:13-88
171            android:directBootAware="false"
171-->[androidx.work:work-runtime:2.9.1] AndroidManifest.xml:112:13-44
172            android:enabled="false"
172-->[androidx.work:work-runtime:2.9.1] AndroidManifest.xml:113:13-36
173            android:exported="false" >
173-->[androidx.work:work-runtime:2.9.1] AndroidManifest.xml:114:13-37
174            <intent-filter>
174-->[androidx.work:work-runtime:2.9.1] AndroidManifest.xml:116:13-120:29
175                <action android:name="android.intent.action.BOOT_COMPLETED" />
175-->[androidx.work:work-runtime:2.9.1] AndroidManifest.xml:117:17-79
175-->[androidx.work:work-runtime:2.9.1] AndroidManifest.xml:117:25-76
176                <action android:name="android.intent.action.TIME_SET" />
176-->[androidx.work:work-runtime:2.9.1] AndroidManifest.xml:118:17-73
176-->[androidx.work:work-runtime:2.9.1] AndroidManifest.xml:118:25-70
177                <action android:name="android.intent.action.TIMEZONE_CHANGED" />
177-->[androidx.work:work-runtime:2.9.1] AndroidManifest.xml:119:17-81
177-->[androidx.work:work-runtime:2.9.1] AndroidManifest.xml:119:25-78
178            </intent-filter>
179        </receiver>
180        <receiver
180-->[androidx.work:work-runtime:2.9.1] AndroidManifest.xml:122:9-131:20
181            android:name="androidx.work.impl.background.systemalarm.ConstraintProxyUpdateReceiver"
181-->[androidx.work:work-runtime:2.9.1] AndroidManifest.xml:123:13-99
182            android:directBootAware="false"
182-->[androidx.work:work-runtime:2.9.1] AndroidManifest.xml:124:13-44
183            android:enabled="@bool/enable_system_alarm_service_default"
183-->[androidx.work:work-runtime:2.9.1] AndroidManifest.xml:125:13-72
184            android:exported="false" >
184-->[androidx.work:work-runtime:2.9.1] AndroidManifest.xml:126:13-37
185            <intent-filter>
185-->[androidx.work:work-runtime:2.9.1] AndroidManifest.xml:128:13-130:29
186                <action android:name="androidx.work.impl.background.systemalarm.UpdateProxies" />
186-->[androidx.work:work-runtime:2.9.1] AndroidManifest.xml:129:17-98
186-->[androidx.work:work-runtime:2.9.1] AndroidManifest.xml:129:25-95
187            </intent-filter>
188        </receiver>
189        <receiver
189-->[androidx.work:work-runtime:2.9.1] AndroidManifest.xml:132:9-142:20
190            android:name="androidx.work.impl.diagnostics.DiagnosticsReceiver"
190-->[androidx.work:work-runtime:2.9.1] AndroidManifest.xml:133:13-78
191            android:directBootAware="false"
191-->[androidx.work:work-runtime:2.9.1] AndroidManifest.xml:134:13-44
192            android:enabled="true"
192-->[androidx.work:work-runtime:2.9.1] AndroidManifest.xml:135:13-35
193            android:exported="true"
193-->[androidx.work:work-runtime:2.9.1] AndroidManifest.xml:136:13-36
194            android:permission="android.permission.DUMP" >
194-->[androidx.work:work-runtime:2.9.1] AndroidManifest.xml:137:13-57
195            <intent-filter>
195-->[androidx.work:work-runtime:2.9.1] AndroidManifest.xml:139:13-141:29
196                <action android:name="androidx.work.diagnostics.REQUEST_DIAGNOSTICS" />
196-->[androidx.work:work-runtime:2.9.1] AndroidManifest.xml:140:17-88
196-->[androidx.work:work-runtime:2.9.1] AndroidManifest.xml:140:25-85
197            </intent-filter>
198        </receiver>
199
200        <activity
200-->[androidx.compose.ui:ui-test-manifest:1.6.8] AndroidManifest.xml:23:9-25:39
201            android:name="androidx.activity.ComponentActivity"
201-->[androidx.compose.ui:ui-test-manifest:1.6.8] AndroidManifest.xml:24:13-63
202            android:exported="true" />
202-->[androidx.compose.ui:ui-test-manifest:1.6.8] AndroidManifest.xml:25:13-36
203        <activity
203-->[androidx.compose.ui:ui-tooling-android:1.6.8] AndroidManifest.xml:23:9-25:39
204            android:name="androidx.compose.ui.tooling.PreviewActivity"
204-->[androidx.compose.ui:ui-tooling-android:1.6.8] AndroidManifest.xml:24:13-71
205            android:exported="true" />
205-->[androidx.compose.ui:ui-tooling-android:1.6.8] AndroidManifest.xml:25:13-36
206
207        <service
207-->[androidx.room:room-runtime:2.6.1] AndroidManifest.xml:24:9-28:63
208            android:name="androidx.room.MultiInstanceInvalidationService"
208-->[androidx.room:room-runtime:2.6.1] AndroidManifest.xml:25:13-74
209            android:directBootAware="true"
209-->[androidx.room:room-runtime:2.6.1] AndroidManifest.xml:26:13-43
210            android:exported="false" />
210-->[androidx.room:room-runtime:2.6.1] AndroidManifest.xml:27:13-37
211
212        <receiver
212-->[androidx.profileinstaller:profileinstaller:1.3.1] AndroidManifest.xml:34:9-52:20
213            android:name="androidx.profileinstaller.ProfileInstallReceiver"
213-->[androidx.profileinstaller:profileinstaller:1.3.1] AndroidManifest.xml:35:13-76
214            android:directBootAware="false"
214-->[androidx.profileinstaller:profileinstaller:1.3.1] AndroidManifest.xml:36:13-44
215            android:enabled="true"
215-->[androidx.profileinstaller:profileinstaller:1.3.1] AndroidManifest.xml:37:13-35
216            android:exported="true"
216-->[androidx.profileinstaller:profileinstaller:1.3.1] AndroidManifest.xml:38:13-36
217            android:permission="android.permission.DUMP" >
217-->[androidx.profileinstaller:profileinstaller:1.3.1] AndroidManifest.xml:39:13-57
218            <intent-filter>
218-->[androidx.profileinstaller:profileinstaller:1.3.1] AndroidManifest.xml:40:13-42:29
219                <action android:name="androidx.profileinstaller.action.INSTALL_PROFILE" />
219-->[androidx.profileinstaller:profileinstaller:1.3.1] AndroidManifest.xml:41:17-91
219-->[androidx.profileinstaller:profileinstaller:1.3.1] AndroidManifest.xml:41:25-88
220            </intent-filter>
221            <intent-filter>
221-->[androidx.profileinstaller:profileinstaller:1.3.1] AndroidManifest.xml:43:13-45:29
222                <action android:name="androidx.profileinstaller.action.SKIP_FILE" />
222-->[androidx.profileinstaller:profileinstaller:1.3.1] AndroidManifest.xml:44:17-85
222-->[androidx.profileinstaller:profileinstaller:1.3.1] AndroidManifest.xml:44:25-82
223            </intent-filter>
224            <intent-filter>
224-->[androidx.profileinstaller:profileinstaller:1.3.1] AndroidManifest.xml:46:13-48:29
225                <action android:name="androidx.profileinstaller.action.SAVE_PROFILE" />
225-->[androidx.profileinstaller:profileinstaller:1.3.1] AndroidManifest.xml:47:17-88
225-->[androidx.profileinstaller:profileinstaller:1.3.1] AndroidManifest.xml:47:25-85
226            </intent-filter>
227            <intent-filter>
227-->[androidx.profileinstaller:profileinstaller:1.3.1] AndroidManifest.xml:49:13-51:29
228                <action android:name="androidx.profileinstaller.action.BENCHMARK_OPERATION" />
228-->[androidx.profileinstaller:profileinstaller:1.3.1] AndroidManifest.xml:50:17-95
228-->[androidx.profileinstaller:profileinstaller:1.3.1] AndroidManifest.xml:50:25-92
229            </intent-filter>
230        </receiver>
231    </application>
232
233</manifest>